f:\nirelease\openni\simpleviewer_smarttof_dbgdll\bin\intermediate\x64-debug\smarttof\vc120.pdb
f:\nirelease\openni\simpleviewer_smarttof_dbgdll\bin\intermediate\x64-debug\smarttof\smarttofstreamimpl.obj
f:\nirelease\openni\simpleviewer_smarttof_dbgdll\bin\intermediate\x64-debug\smarttof\smarttofdepthstream.obj
f:\nirelease\openni\simpleviewer_smarttof_dbgdll\bin\intermediate\x64-debug\smarttof\smarttofdriver.obj
f:\nirelease\openni\simpleviewer_smarttof_dbgdll\bin\intermediate\x64-debug\smarttof\smarttofdevice.obj
f:\nirelease\openni\simpleviewer_smarttof_dbgdll\bin\intermediate\x64-debug\smarttof\basesmarttofstream.obj
f:\nirelease\openni\simpleviewer_smarttof_dbgdll\bin\intermediate\x64-debug\smarttof\.netframework,version=v4.0.assemblyattributes.obj
f:\nirelease\openni\simpleviewer_smarttof_dbgdll\x64\debug\openni2\drivers\smarttof.dll
f:\nirelease\openni\simpleviewer_smarttof_dbgdll\x64\debug\openni2\drivers\smarttof.pdb
f:\nirelease\openni\simpleviewer_smarttof_dbgdll\x64\debug\openni2\drivers\smarttof.lib
f:\nirelease\openni\simpleviewer_smarttof_dbgdll\x64\debug\openni2\drivers\smarttof.exp
f:\nirelease\openni\simpleviewer_smarttof_dbgdll\bin\intermediate\x64-debug\smarttof\smarttof.vcxprojresolveassemblyreference.cache
f:\nirelease\openni\simpleviewer_smarttof_dbgdll\bin\intermediate\x64-debug\smarttof\..\..\..\..\..\simpleviewer_smarttof_dbgdll\x64\debug\openni2\drivers\smarttof.pdb
f:\nirelease\openni\opennisource_debugdll\openni2\source\drivers\smarttof\..\..\..\..\..\simpleviewer_smarttof_dbgdll\x64\debug\openni2\drivers\smarttof.dll
f:\nirelease\openni\simpleviewer_smarttof_dbgdll\bin\intermediate\x64-debug\smarttof\smarttof.tlog\cl.command.1.tlog
f:\nirelease\openni\simpleviewer_smarttof_dbgdll\bin\intermediate\x64-debug\smarttof\smarttof.tlog\cl.read.1.tlog
f:\nirelease\openni\simpleviewer_smarttof_dbgdll\bin\intermediate\x64-debug\smarttof\smarttof.tlog\cl.write.1.tlog
f:\nirelease\openni\simpleviewer_smarttof_dbgdll\bin\intermediate\x64-debug\smarttof\smarttof.tlog\link.command.1.tlog
f:\nirelease\openni\simpleviewer_smarttof_dbgdll\bin\intermediate\x64-debug\smarttof\smarttof.tlog\link.read.1.tlog
f:\nirelease\openni\simpleviewer_smarttof_dbgdll\bin\intermediate\x64-debug\smarttof\smarttof.tlog\link.write.1.tlog
f:\nirelease\openni\simpleviewer_smarttof_dbgdll\bin\intermediate\x64-debug\smarttof\smarttof.tlog\metagen.read.1.tlog
f:\nirelease\openni\simpleviewer_smarttof_dbgdll\bin\intermediate\x64-debug\smarttof\smarttof.tlog\metagen.write.1.tlog
f:\nirelease\openni\simpleviewer_smarttof_dbgdll\bin\intermediate\x64-debug\smarttof\smarttof.tlog\smarttof.write.1u.tlog
f:\nirelease\openni\simpleviewer_smarttof_dbgdll\bin\intermediate\x64-debug\smarttof\smarttof.tlog\tzres.dll.bi
